{timestamp: 2018-11-26T10:54:21.688Z, level: info, message: server started on port 4040 (development)}
{timestamp: 2018-11-26T10:54:51.258Z, level: info, message: server started on port 4040 (development)}
{timestamp: 2018-11-26T10:55:28.576Z, level: info, message: server started on port 4040 (development)}
{timestamp: 2018-11-26T11:21:04.387Z, level: info, message: server started on port 4040 (development)}
{timestamp: 2018-11-26T11:21:42.588Z, level: info, message: server started on port 4040 (development)}
{timestamp: 2018-11-26T11:22:02.226Z, level: info, message: server started on port 4040 (development)}
{timestamp: 2018-11-26T11:24:14.642Z, level: info, message: server started on port 4040 (development)}
{timestamp: 2018-11-26T11:24:52.615Z, level: info, message: server started on port 4040 (development)}
{timestamp: 2018-11-26T11:25:05.423Z, level: info, message: server started on port 4040 (development)}
{timestamp: 2018-11-26T11:25:49.879Z, level: info, message: server started on port 4040 (development)}
{timestamp: 2018-11-26T11:26:56.469Z, level: info, message: server started on port 4040 (development)}
{timestamp: 2018-11-26T11:27:34.751Z, level: info, message: server started on port 4040 (development)}
{timestamp: 2018-11-26T11:28:35.311Z, level: info, message: server started on port 4040 (development)}
{timestamp: 2018-11-26T11:35:38.074Z, level: info, message: server started on port 4040 (development)}
{timestamp: 2018-11-26T11:45:03.801Z, level: info, message: server started on port 4040 (development)}
{timestamp: 2018-11-26T11:45:15.109Z, level: info, message: server started on port 4040 (development)}
{timestamp: 2018-11-26T11:45:30.928Z, level: info, message: server started on port 4040 (development)}
{timestamp: 2018-11-26T11:58:52.328Z, level: info, message: server started on port 4040 (development)}
{timestamp: 2018-11-26T13:03:32.964Z, level: info, message: server started on port 4040 (development)}
{timestamp: 2018-11-26T13:03:44.440Z, level: info, message: server started on port 4040 (development)}
{timestamp: 2018-11-26T13:03:53.863Z, level: info, message: server started on port 4040 (development)}
{timestamp: 2018-11-26T13:04:03.854Z, level: info, message: server started on port 4040 (development)}
{timestamp: 2018-11-26T13:05:34.022Z, level: info, message: server started on port 4040 (development)}
{timestamp: 2018-11-26T13:16:14.481Z, level: info, message: server started on port 4040 (development)}
{timestamp: 2018-11-26T13:24:46.141Z, level: info, message: server started on port 4040 (development)}
{timestamp: 2018-11-26T13:28:08.130Z, level: info, message: server started on port 4040 (development)}
{timestamp: 2018-11-26T13:32:07.390Z, level: info, message: server started on port 4040 (development)}
{timestamp: 2018-11-26T13:33:58.443Z, level: info, message: server started on port 4040 (development)}
{timestamp: 2018-11-26T13:37:50.992Z, level: info, message: server started on port 4040 (development)}
{timestamp: 2018-11-27T05:20:06.584Z, level: info, message: server started on port 4040 (development)}
{timestamp: 2018-11-27T05:20:21.371Z, level: info, message: server started on port 4040 (development)}
{timestamp: 2018-11-27T05:20:28.772Z, level: info, message: server started on port 4040 (development)}
{timestamp: 2018-11-27T05:27:20.200Z, level: info, message: server started on port 4040 (development)}
{timestamp: 2018-11-27T05:27:42.050Z, level: info, message: server started on port 4040 (development)}
{timestamp: 2018-11-27T05:51:28.342Z, level: info, message: server started on port 4040 (development)}
{timestamp: 2018-11-27T05:51:42.007Z, level: info, message: server started on port 4040 (development)}
{timestamp: 2018-11-27T05:52:41.437Z, level: info, message: server started on port 4040 (development)}
{timestamp: 2018-11-27T09:08:31.720Z, level: info, message: server started on port 4040 (development)}
{timestamp: 2018-11-27T09:08:52.498Z, level: info, message: server started on port 4040 (development)}
{timestamp: 2018-11-27T09:09:10.985Z, level: info, message: server started on port 4040 (development)}
{timestamp: 2018-11-27T09:14:35.501Z, level: info, message: server started on port 4040 (development)}
{timestamp: 2018-11-27T09:17:36.358Z, level: info, message: server started on port 4040 (development)}
{timestamp: 2018-11-27T09:17:56.429Z, level: info, message: server started on port 4040 (development)}
{timestamp: 2018-11-27T09:20:44.231Z, level: info, message: server started on port 4040 (development)}
{timestamp: 2018-11-27T09:20:48.888Z, level: info, message: server started on port 4040 (development)}
{timestamp: 2018-11-27T09:21:08.157Z, level: info, message: server started on port 4040 (development)}
{timestamp: 2018-11-27T09:24:30.890Z, level: info, message: server started on port 4040 (development)}
{timestamp: 2018-11-27T09:26:40.669Z, level: info, message: server started on port 4040 (development)}
{timestamp: 2018-11-27T09:26:56.647Z, level: info, message: server started on port 4040 (development)}
{timestamp: 2018-11-27T10:27:03.603Z, level: info, message: server started on port 4040 (development)}
{timestamp: 2018-11-27T10:40:04.593Z, level: info, message: server started on port 4040 (development)}
{timestamp: 2018-11-27T10:40:07.034Z, level: info, message: server started on port 4040 (development)}
{timestamp: 2018-11-27T10:40:24.702Z, level: info, message: server started on port 4040 (development)}
{timestamp: 2018-11-27T10:42:03.874Z, level: info, message: server started on port 4040 (development)}
{timestamp: 2018-11-27T10:43:46.274Z, level: info, message: server started on port 4040 (development)}
{timestamp: 2018-11-27T10:46:03.595Z, level: info, message: server started on port 4040 (development)}
{timestamp: 2018-11-27T10:46:30.110Z, level: info, message: server started on port 4040 (development)}
{timestamp: 2018-11-27T10:46:33.839Z, level: info, message: server started on port 4040 (development)}
{timestamp: 2018-11-27T10:46:44.219Z, level: info, message: server started on port 4040 (development)}
{timestamp: 2018-11-27T10:48:23.748Z, level: info, message: server started on port 4040 (development)}
{timestamp: 2018-11-27T10:48:44.335Z, level: info, message: server started on port 4040 (development)}
{timestamp: 2018-11-27T10:48:55.279Z, level: info, message: server started on port 4040 (development)}
{timestamp: 2018-11-27T10:49:06.210Z, level: info, message: server started on port 4040 (development)}
{timestamp: 2018-11-27T10:49:12.470Z, level: info, message: server started on port 4040 (development)}
{timestamp: 2018-11-27T10:49:33.182Z, level: info, message: server started on port 4040 (development)}
{timestamp: 2018-11-27T10:49:39.109Z, level: info, message: server started on port 4040 (development)}
{timestamp: 2018-11-27T10:49:50.925Z, level: info, message: server started on port 4040 (development)}
{timestamp: 2018-11-27T10:51:48.393Z, level: info, message: server started on port 4040 (development)}
{timestamp: 2018-11-27T10:59:47.088Z, level: info, message: server started on port 4040 (development)}
{timestamp: 2018-11-27T11:01:58.959Z, level: info, message: server started on port 4040 (development)}
{timestamp: 2018-11-27T11:03:08.376Z, level: info, message: server started on port 4040 (development)}
{timestamp: 2018-11-27T11:03:56.444Z, level: info, message: server started on port 4040 (development)}
{timestamp: 2018-11-27T11:16:30.736Z, level: info, message: server started on port 4040 (development)}
{timestamp: 2018-11-27T11:17:34.394Z, level: info, message: server started on port 4040 (development)}
{timestamp: 2018-11-27T11:17:57.979Z, level: info, message: server started on port 4040 (development)}
{timestamp: 2018-11-27T11:18:34.587Z, level: info, message: server started on port 4040 (development)}
{timestamp: 2018-11-27T11:19:19.455Z, level: info, message: server started on port 4040 (development)}
{timestamp: 2018-11-27T11:20:13.764Z, level: info, message: server started on port 4040 (development)}
{timestamp: 2018-11-27T11:20:53.388Z, level: info, message: server started on port 4040 (development)}
{timestamp: 2018-11-27T11:21:30.438Z, level: info, message: server started on port 4040 (development)}
{timestamp: 2018-11-27T11:22:40.124Z, level: info, message: server started on port 4040 (development)}
{timestamp: 2018-11-27T11:22:42.704Z, level: info, message: server started on port 4040 (development)}
{timestamp: 2018-11-27T11:23:37.417Z, level: info, message: server started on port 4040 (development)}
{timestamp: 2018-11-27T11:23:40.538Z, level: info, message: server started on port 4040 (development)}
{timestamp: 2018-11-27T11:24:03.962Z, level: info, message: server started on port 4040 (development)}
{timestamp: 2018-11-27T11:27:07.761Z, level: info, message: server started on port 4040 (development)}
{timestamp: 2018-11-27T11:27:26.223Z, level: info, message: server started on port 4040 (development)}
{timestamp: 2018-11-27T11:30:43.871Z, level: info, message: server started on port 4040 (development)}
{timestamp: 2018-11-27T11:32:20.879Z, level: info, message: server started on port 4040 (development)}
{timestamp: 2018-11-27T11:33:04.361Z, level: info, message: server started on port 4040 (development)}
{timestamp: 2018-11-27T11:33:08.388Z, level: info, message: server started on port 4040 (development)}
{timestamp: 2018-11-27T11:33:52.082Z, level: info, message: server started on port 4040 (development)}
{timestamp: 2018-11-27T11:34:09.653Z, level: info, message: server started on port 4040 (development)}
{timestamp: 2018-11-27T11:35:13.820Z, level: info, message: server started on port 4040 (development)}
{timestamp: 2018-11-27T11:36:26.738Z, level: info, message: server started on port 4040 (development)}
{timestamp: 2018-11-27T11:44:01.602Z, level: info, message: server started on port 4040 (development)}
{timestamp: 2018-11-27T11:46:51.702Z, level: info, message: server started on port 4040 (development)}
{timestamp: 2018-11-27T12:16:09.020Z, level: info, message: server started on port 4040 (development)}
{timestamp: 2018-11-27T12:16:13.491Z, level: info, message: server started on port 4040 (development)}
{timestamp: 2018-11-27T12:16:15.723Z, level: info, message: server started on port 4040 (development)}
{timestamp: 2018-11-27T12:16:36.728Z, level: info, message: server started on port 4040 (development)}
{timestamp: 2018-11-27T12:16:57.110Z, level: info, message: server started on port 4040 (development)}
{timestamp: 2018-11-27T12:17:24.107Z, level: info, message: server started on port 4040 (development)}
{timestamp: 2018-11-27T12:17:30.752Z, level: info, message: server started on port 4040 (development)}
{timestamp: 2018-11-27T12:29:58.847Z, level: info, message: server started on port 4040 (development)}
{timestamp: 2018-11-27T12:34:24.693Z, level: info, message: server started on port 4040 (development)}
{timestamp: 2018-11-27T12:38:20.263Z, level: info, message: server started on port 4040 (development)}
{timestamp: 2018-11-27T14:03:33.440Z, level: info, message: server started on port 4040 (development)}
{timestamp: 2018-11-27T14:04:17.806Z, level: info, message: server started on port 4040 (development)}
{timestamp: 2018-11-27T14:04:24.767Z, level: error, message: API not found}
{timestamp: 2018-11-27T14:06:14.675Z, level: error, message: API not found}
{timestamp: 2018-11-27T14:08:05.446Z, level: info, message: server started on port 4040 (development)}
{timestamp: 2018-11-27T14:08:23.223Z, level: error, message: API not found}
{timestamp: 2018-11-27T14:11:01.706Z, level: info, message: server started on port 4040 (development)}
{timestamp: 2018-11-27T14:11:08.201Z, level: error, message: API not found}
{timestamp: 2018-11-28T05:27:36.766Z, level: info, message: server started on port 4040 (development)}
{timestamp: 2018-11-28T05:28:15.759Z, level: error, message: API not found}
{timestamp: 2018-11-28T05:28:39.287Z, level: error, message: API not found}
{timestamp: 2018-11-28T05:39:00.189Z, level: info, message: server started on port 4040 (development)}
{timestamp: 2018-11-28T05:39:07.253Z, level: error, message: API not found}
{timestamp: 2018-11-28T05:39:13.444Z, level: error, message: API not found}
{timestamp: 2018-11-28T05:39:14.770Z, level: error, message: API not found}
{timestamp: 2018-11-28T05:40:22.381Z, level: info, message: server started on port 4040 (development)}
{timestamp: 2018-11-28T05:40:27.358Z, level: error, message: API not found}
{timestamp: 2018-11-28T05:41:29.275Z, level: error, message: _model2.default.findOne is not a function}
{timestamp: 2018-11-28T05:44:36.264Z, level: info, message: server started on port 4040 (development)}
{timestamp: 2018-11-28T05:44:38.285Z, level: error, message: _model2.default.find is not a function}
{timestamp: 2018-11-28T05:53:33.820Z, level: info, message: server started on port 4040 (development)}
{timestamp: 2018-11-28T05:53:34.748Z, level: error, message: query is not defined}
{timestamp: 2018-11-28T05:56:07.747Z, level: info, message: server started on port 4040 (development)}
{timestamp: 2018-11-28T05:56:10.992Z, level: error, message: Cannot read property 'limit' of undefined}
{timestamp: 2018-11-28T05:56:30.843Z, level: error, message: Cannot read property 'limit' of undefined}
{timestamp: 2018-11-28T06:00:48.880Z, level: info, message: server started on port 4040 (development)}
{timestamp: 2018-11-28T06:00:49.832Z, level: error, message: Cannot read property 'limit' of undefined}
{timestamp: 2018-11-28T06:05:04.577Z, level: info, message: server started on port 4040 (development)}
{timestamp: 2018-11-28T06:05:07.428Z, level: error, message: _model2.default.find is not a function}
{timestamp: 2018-11-28T06:07:02.296Z, level: info, message: server started on port 4040 (development)}
{timestamp: 2018-11-28T06:08:32.224Z, level: info, message: server started on port 4040 (development)}
{timestamp: 2018-11-28T06:08:33.896Z, level: error, message: Cannot read property 'limit' of undefined}
{timestamp: 2018-11-28T06:09:35.751Z, level: info, message: server started on port 4040 (development)}
{timestamp: 2018-11-28T06:09:38.466Z, level: error, message: Cannot read property 'limit' of undefined}
{timestamp: 2018-11-28T06:10:52.648Z, level: info, message: server started on port 4040 (development)}
{timestamp: 2018-11-28T06:11:36.636Z, level: info, message: server started on port 4040 (development)}
{timestamp: 2018-11-28T06:11:40.281Z, level: error, message: Cannot read property 'limit' of undefined}
{timestamp: 2018-11-28T06:12:40.921Z, level: info, message: server started on port 4040 (development)}
{timestamp: 2018-11-28T06:12:48.518Z, level: error, message: Cannot read property 'limit' of undefined}
{timestamp: 2018-11-28T06:13:26.590Z, level: info, message: server started on port 4040 (development)}
{timestamp: 2018-11-28T06:13:29.880Z, level: error, message: Cannot read property 'limit' of undefined}
{timestamp: 2018-11-28T06:14:01.812Z, level: info, message: server started on port 4040 (development)}
{timestamp: 2018-11-28T06:14:13.373Z, level: error, message: Cannot read property 'limit' of undefined}
{timestamp: 2018-11-28T06:14:30.289Z, level: info, message: server started on port 4040 (development)}
{timestamp: 2018-11-28T06:14:35.261Z, level: error, message: Cannot read property 'limit' of undefined}
{timestamp: 2018-11-28T06:15:04.040Z, level: info, message: server started on port 4040 (development)}
{timestamp: 2018-11-28T06:15:48.915Z, level: info, message: server started on port 4040 (development)}
{timestamp: 2018-11-28T06:15:54.590Z, level: error, message: Cannot read property 'limit' of undefined}
{timestamp: 2018-11-28T06:19:23.165Z, level: info, message: server started on port 4040 (development)}
{timestamp: 2018-11-28T06:19:27.729Z, level: error, message: Cannot read property 'limit' of undefined}
{timestamp: 2018-11-28T06:20:09.951Z, level: info, message: server started on port 4040 (development)}
{timestamp: 2018-11-28T06:20:14.766Z, level: error, message: Cannot read property 'limit' of undefined}
{timestamp: 2018-11-28T06:22:34.652Z, level: info, message: server started on port 4040 (development)}
{timestamp: 2018-11-28T06:22:39.568Z, level: error, message: Cannot read property 'limit' of undefined}
{timestamp: 2018-11-28T06:23:02.630Z, level: info, message: server started on port 4040 (development)}
{timestamp: 2018-11-28T06:23:06.345Z, level: error, message: Cannot read property 'limit' of undefined}
{timestamp: 2018-11-28T06:24:14.597Z, level: info, message: server started on port 4040 (development)}
{timestamp: 2018-11-28T06:24:18.562Z, level: info, message: server started on port 4040 (development)}
{timestamp: 2018-11-28T06:24:19.779Z, level: error, message: Cannot read property 'limit' of undefined}
{timestamp: 2018-11-28T06:24:52.594Z, level: info, message: server started on port 4040 (development)}
{timestamp: 2018-11-28T06:24:56.879Z, level: info, message: server started on port 4040 (development)}
{timestamp: 2018-11-28T06:25:10.635Z, level: info, message: server started on port 4040 (development)}
{timestamp: 2018-11-28T06:25:13.959Z, level: error, message: Cannot read property 'limit' of undefined}
{timestamp: 2018-11-28T06:32:17.333Z, level: info, message: server started on port 4040 (development)}
{timestamp: 2018-11-28T06:32:24.573Z, level: error, message: Cannot read property 'limit' of undefined}
{timestamp: 2018-11-28T06:34:42.634Z, level: info, message: server started on port 4040 (development)}
{timestamp: 2018-11-28T06:34:46.183Z, level: error, message: Cannot read property 'limit' of undefined}
{timestamp: 2018-11-28T06:39:28.739Z, level: info, message: server started on port 4040 (development)}
{timestamp: 2018-11-28T06:39:36.511Z, level: error, message: Cannot read property 'limit' of undefined}
{timestamp: 2018-11-28T06:40:19.058Z, level: info, message: server started on port 4040 (development)}
{timestamp: 2018-11-28T06:40:20.058Z, level: error, message: Cannot read property 'limit' of undefined}
{timestamp: 2018-11-28T06:40:48.640Z, level: info, message: server started on port 4040 (development)}
{timestamp: 2018-11-28T06:40:50.961Z, level: error, message: Cannot read property 'limit' of undefined}
{timestamp: 2018-11-28T06:43:26.761Z, level: info, message: server started on port 4040 (development)}
{timestamp: 2018-11-28T06:43:30.531Z, level: error, message: Cannot read property 'userName' of undefined}
{timestamp: 2018-11-28T06:57:55.868Z, level: info, message: server started on port 4040 (development)}
{timestamp: 2018-11-28T06:58:01.445Z, level: info, message: server started on port 4040 (development)}
{timestamp: 2018-11-28T06:58:07.407Z, level: info, message: server started on port 4040 (development)}
{timestamp: 2018-11-28T06:58:22.140Z, level: info, message: server started on port 4040 (development)}
{timestamp: 2018-11-28T06:58:34.075Z, level: info, message: server started on port 4040 (development)}
{timestamp: 2018-11-28T06:58:38.854Z, level: error, message: Cannot read property 'limit' of undefined}
{timestamp: 2018-11-28T07:02:13.031Z, level: info, message: server started on port 4040 (development)}
{timestamp: 2018-11-28T07:07:21.533Z, level: info, message: server started on port 4040 (development)}
{timestamp: 2018-11-28T07:07:52.957Z, level: info, message: server started on port 4040 (development)}
{timestamp: 2018-11-28T07:07:55.023Z, level: error, message: Model.findOne is not a function}
{timestamp: 2018-11-28T07:10:04.308Z, level: info, message: server started on port 4040 (development)}
{timestamp: 2018-11-28T07:10:07.488Z, level: error, message: API not found}
{timestamp: 2018-11-28T07:10:28.990Z, level: error, message: Model.findOne is not a function}
{timestamp: 2018-11-28T07:12:50.406Z, level: info, message: server started on port 4040 (development)}
{timestamp: 2018-11-28T07:12:55.878Z, level: info, message: server started on port 4040 (development)}
{timestamp: 2018-11-28T07:12:59.425Z, level: error, message: Model.findOne is not a function}
{timestamp: 2018-11-28T07:13:58.619Z, level: info, message: server started on port 4040 (development)}
{timestamp: 2018-11-28T07:14:01.891Z, level: error, message: Model.findOne is not a function}
{timestamp: 2018-11-28T07:15:20.912Z, level: info, message: server started on port 4040 (development)}
{timestamp: 2018-11-28T07:15:26.455Z, level: error, message: Model.findOne is not a function}
{timestamp: 2018-11-28T07:36:03.341Z, level: info, message: server started on port 4040 (development)}
{timestamp: 2018-11-28T07:39:59.098Z, level: info, message: server started on port 4040 (development)}
{timestamp: 2018-11-28T07:40:09.459Z, level: info, message: server started on port 4040 (development)}
{timestamp: 2018-11-28T07:40:27.140Z, level: info, message: server started on port 4040 (development)}
{timestamp: 2018-11-28T08:33:43.211Z, level: info, message: server started on port 4040 (development)}
{timestamp: 2018-11-28T08:35:14.047Z, level: info, message: server started on port 4040 (development)}
{timestamp: 2018-11-28T09:06:57.071Z, level: info, message: server started on port 4040 (development)}
{timestamp: 2018-11-28T09:18:04.435Z, level: info, message: server started on port 4040 (development)}
{timestamp: 2018-11-28T09:31:50.143Z, level: info, message: server started on port 4040 (development)}
{timestamp: 2018-11-28T09:48:40.131Z, level: info, message: server started on port 4040 (development)}
{timestamp: 2018-11-28T09:49:24.037Z, level: info, message: server started on port 4040 (development)}
{timestamp: 2018-11-28T09:50:27.978Z, level: info, message: server started on port 4040 (development)}
{timestamp: 2018-11-28T09:52:03.442Z, level: info, message: server started on port 4040 (development)}
{timestamp: 2018-11-28T10:01:59.873Z, level: info, message: server started on port 4040 (development)}
{timestamp: 2018-11-28T10:02:12.092Z, level: error, message: _jsconfig2.default.findOne is not a function}
{timestamp: 2018-11-28T10:03:26.671Z, level: info, message: server started on port 4040 (development)}
{timestamp: 2018-11-28T10:03:31.839Z, level: error, message: Cannot read property 'findOne' of undefined}
{timestamp: 2018-11-28T10:08:32.654Z, level: info, message: server started on port 4040 (development)}
{timestamp: 2018-11-28T10:09:04.399Z, level: error, message: Cannot read property 'findOne' of undefined}
{timestamp: 2018-11-28T10:10:54.430Z, level: info, message: server started on port 4040 (development)}
{timestamp: 2018-11-28T10:10:59.464Z, level: error, message: Cannot read property 'findOne' of undefined}
{timestamp: 2018-11-28T10:13:37.153Z, level: info, message: server started on port 4040 (development)}
{timestamp: 2018-11-28T10:13:42.435Z, level: error, message: Cannot read property 'User' of undefined}
{timestamp: 2018-11-28T10:14:06.669Z, level: info, message: server started on port 4040 (development)}
{timestamp: 2018-11-28T10:14:11.243Z, level: error, message: Cannot read property 'findOne' of undefined}
{timestamp: 2018-11-28T10:14:59.906Z, level: info, message: server started on port 4040 (development)}
{timestamp: 2018-11-28T10:15:30.816Z, level: error, message: Invalid value { userName: 'faishal' }}
{timestamp: 2018-11-28T10:18:54.433Z, level: info, message: server started on port 4040 (development)}
{timestamp: 2018-11-28T10:18:59.402Z, level: error, message: Invalid value { userName: 'faishal' }}
{timestamp: 2018-11-28T10:20:12.491Z, level: info, message: server started on port 4040 (development)}
{timestamp: 2018-11-28T10:20:16.316Z, level: error, message: Invalid value { userName: 'faishal' }}
{timestamp: 2018-11-28T10:25:16.954Z, level: info, message: server started on port 4040 (development)}
{timestamp: 2018-11-28T10:28:33.309Z, level: info, message: server started on port 4040 (development)}
{timestamp: 2018-11-28T10:32:56.822Z, level: info, message: server started on port 4040 (development)}
{timestamp: 2018-11-28T10:33:57.765Z, level: info, message: server started on port 4040 (development)}
{timestamp: 2018-11-28T10:34:08.720Z, level: info, message: server started on port 4040 (development)}
{timestamp: 2018-11-28T10:34:58.474Z, level: info, message: server started on port 4040 (development)}
{timestamp: 2018-11-28T10:36:11.376Z, level: info, message: server started on port 4040 (development)}
{timestamp: 2018-11-28T10:36:48.621Z, level: info, message: server started on port 4040 (development)}
{timestamp: 2018-11-28T10:37:27.425Z, level: info, message: server started on port 4040 (development)}
{timestamp: 2018-11-28T10:37:37.698Z, level: info, message: server started on port 4040 (development)}
{timestamp: 2018-11-28T10:37:41.091Z, level: error, message: Cannot read property 'dataValues' of undefined}
{timestamp: 2018-11-28T10:39:29.833Z, level: info, message: server started on port 4040 (development)}
{timestamp: 2018-11-28T10:39:34.309Z, level: error, message: Cannot read property 'dataValues' of undefined}
{timestamp: 2018-11-28T10:40:29.245Z, level: info, message: server started on port 4040 (development)}
{timestamp: 2018-11-28T10:40:35.071Z, level: error, message: Cannot read property 'dataValues' of undefined}
{timestamp: 2018-11-28T10:41:09.271Z, level: info, message: server started on port 4040 (development)}
{timestamp: 2018-11-28T10:41:10.147Z, level: error, message: Cannot read property 'dataValues' of undefined}
{timestamp: 2018-11-28T10:41:10.964Z, level: error, message: Cannot read property 'dataValues' of undefined}
{timestamp: 2018-11-28T10:41:45.891Z, level: info, message: server started on port 4040 (development)}
{timestamp: 2018-11-28T10:41:46.375Z, level: error, message: Cannot read property 'dataValues' of undefined}
{timestamp: 2018-11-28T10:47:14.569Z, level: info, message: server started on port 4040 (development)}
{timestamp: 2018-11-28T10:49:00.149Z, level: info, message: server started on port 4040 (development)}
{timestamp: 2018-11-28T10:50:07.738Z, level: info, message: server started on port 4040 (development)}
{timestamp: 2018-11-28T10:50:48.905Z, level: info, message: server started on port 4040 (development)}
{timestamp: 2018-11-28T10:51:30.979Z, level: error, message: "expiresInMinutes" is not allowed in "options"}
{timestamp: 2018-11-28T10:53:43.817Z, level: info, message: server started on port 4040 (development)}
{timestamp: 2018-11-28T10:56:21.475Z, level: info, message: server started on port 4040 (development)}
{timestamp: 2018-11-28T10:56:31.816Z, level: error, message: secret must be a string or buffer}
{timestamp: 2018-11-28T10:57:59.408Z, level: info, message: server started on port 4040 (development)}
{timestamp: 2018-11-28T10:58:23.481Z, level: info, message: server started on port 4040 (development)}
{timestamp: 2018-11-28T10:58:26.614Z, level: error, message: invalid expiresIn option for number payload}
{timestamp: 2018-11-28T10:58:51.894Z, level: info, message: server started on port 4040 (development)}
{timestamp: 2018-11-28T10:59:11.010Z, level: info, message: server started on port 4040 (development)}
{timestamp: 2018-11-28T10:59:19.409Z, level: error, message: invalid expiresIn option for string payload}
{timestamp: 2018-11-28T11:00:23.639Z, level: info, message: server started on port 4040 (development)}
{timestamp: 2018-11-28T11:00:27.496Z, level: info, message: server started on port 4040 (development)}
{timestamp: 2018-11-28T11:00:33.708Z, level: info, message: server started on port 4040 (development)}
{timestamp: 2018-11-28T11:04:27.900Z, level: info, message: server started on port 4040 (development)}
{timestamp: 2018-11-28T11:21:38.396Z, level: info, message: server started on port 4040 (development)}
{timestamp: 2018-11-28T11:23:31.940Z, level: info, message: server started on port 4040 (development)}
{timestamp: 2018-11-28T11:24:55.743Z, level: info, message: server started on port 4040 (development)}
{timestamp: 2018-11-28T11:26:07.342Z, level: info, message: server started on port 4040 (development)}
{timestamp: 2018-11-28T12:49:00.090Z, level: info, message: server started on port 4040 (development)}
{timestamp: 2018-11-28T13:13:51.832Z, level: info, message: server started on port 4040 (development)}
{timestamp: 2018-11-28T13:15:43.996Z, level: info, message: server started on port 4040 (development)}
