{timestamp: 2018-11-26T10:54:21.687Z, level: info, message: server started on port 4040 (development)}
{timestamp: 2018-11-26T10:54:51.257Z, level: info, message: server started on port 4040 (development)}
{timestamp: 2018-11-26T10:55:28.576Z, level: info, message: server started on port 4040 (development)}
{timestamp: 2018-11-26T11:21:04.387Z, level: info, message: server started on port 4040 (development)}
{timestamp: 2018-11-26T11:21:42.587Z, level: info, message: server started on port 4040 (development)}
{timestamp: 2018-11-26T11:22:02.225Z, level: info, message: server started on port 4040 (development)}
{timestamp: 2018-11-26T11:24:14.641Z, level: info, message: server started on port 4040 (development)}
{timestamp: 2018-11-26T11:24:52.614Z, level: info, message: server started on port 4040 (development)}
{timestamp: 2018-11-26T11:25:05.423Z, level: info, message: server started on port 4040 (development)}
{timestamp: 2018-11-26T11:25:49.878Z, level: info, message: server started on port 4040 (development)}
{timestamp: 2018-11-26T11:26:56.468Z, level: info, message: server started on port 4040 (development)}
{timestamp: 2018-11-26T11:27:34.750Z, level: info, message: server started on port 4040 (development)}
{timestamp: 2018-11-26T11:28:35.310Z, level: info, message: server started on port 4040 (development)}
{timestamp: 2018-11-26T11:35:38.074Z, level: info, message: server started on port 4040 (development)}
{timestamp: 2018-11-26T11:45:03.800Z, level: info, message: server started on port 4040 (development)}
{timestamp: 2018-11-26T11:45:15.109Z, level: info, message: server started on port 4040 (development)}
{timestamp: 2018-11-26T11:45:30.928Z, level: info, message: server started on port 4040 (development)}
{timestamp: 2018-11-26T11:58:52.327Z, level: info, message: server started on port 4040 (development)}
{timestamp: 2018-11-26T13:03:32.963Z, level: info, message: server started on port 4040 (development)}
{timestamp: 2018-11-26T13:03:44.439Z, level: info, message: server started on port 4040 (development)}
{timestamp: 2018-11-26T13:03:53.862Z, level: info, message: server started on port 4040 (development)}
{timestamp: 2018-11-26T13:04:03.854Z, level: info, message: server started on port 4040 (development)}
{timestamp: 2018-11-26T13:05:34.021Z, level: info, message: server started on port 4040 (development)}
{timestamp: 2018-11-26T13:16:14.480Z, level: info, message: server started on port 4040 (development)}
{timestamp: 2018-11-26T13:24:46.140Z, level: info, message: server started on port 4040 (development)}
{timestamp: 2018-11-26T13:28:08.129Z, level: info, message: server started on port 4040 (development)}
{timestamp: 2018-11-26T13:32:07.389Z, level: info, message: server started on port 4040 (development)}
{timestamp: 2018-11-26T13:33:58.442Z, level: info, message: server started on port 4040 (development)}
{timestamp: 2018-11-26T13:37:50.991Z, level: info, message: server started on port 4040 (development)}
{timestamp: 2018-11-27T05:20:06.583Z, level: info, message: server started on port 4040 (development)}
{timestamp: 2018-11-27T05:20:21.370Z, level: info, message: server started on port 4040 (development)}
{timestamp: 2018-11-27T05:20:28.772Z, level: info, message: server started on port 4040 (development)}
{timestamp: 2018-11-27T05:27:20.200Z, level: info, message: server started on port 4040 (development)}
{timestamp: 2018-11-27T05:27:42.049Z, level: info, message: server started on port 4040 (development)}
{timestamp: 2018-11-27T05:51:28.342Z, level: info, message: server started on port 4040 (development)}
{timestamp: 2018-11-27T05:51:42.006Z, level: info, message: server started on port 4040 (development)}
{timestamp: 2018-11-27T05:52:41.437Z, level: info, message: server started on port 4040 (development)}
{timestamp: 2018-11-27T09:08:31.720Z, level: info, message: server started on port 4040 (development)}
{timestamp: 2018-11-27T09:08:52.497Z, level: info, message: server started on port 4040 (development)}
{timestamp: 2018-11-27T09:09:10.984Z, level: info, message: server started on port 4040 (development)}
{timestamp: 2018-11-27T09:14:35.500Z, level: info, message: server started on port 4040 (development)}
{timestamp: 2018-11-27T09:17:36.357Z, level: info, message: server started on port 4040 (development)}
{timestamp: 2018-11-27T09:17:56.429Z, level: info, message: server started on port 4040 (development)}
{timestamp: 2018-11-27T09:20:44.230Z, level: info, message: server started on port 4040 (development)}
{timestamp: 2018-11-27T09:20:48.888Z, level: info, message: server started on port 4040 (development)}
{timestamp: 2018-11-27T09:21:08.157Z, level: info, message: server started on port 4040 (development)}
{timestamp: 2018-11-27T09:24:30.890Z, level: info, message: server started on port 4040 (development)}
{timestamp: 2018-11-27T09:26:40.669Z, level: info, message: server started on port 4040 (development)}
{timestamp: 2018-11-27T09:26:56.647Z, level: info, message: server started on port 4040 (development)}
{timestamp: 2018-11-27T10:27:03.600Z, level: info, message: server started on port 4040 (development)}
{timestamp: 2018-11-27T10:40:04.592Z, level: info, message: server started on port 4040 (development)}
{timestamp: 2018-11-27T10:40:07.034Z, level: info, message: server started on port 4040 (development)}
{timestamp: 2018-11-27T10:40:24.701Z, level: info, message: server started on port 4040 (development)}
{timestamp: 2018-11-27T10:42:03.873Z, level: info, message: server started on port 4040 (development)}
{timestamp: 2018-11-27T10:43:46.273Z, level: info, message: server started on port 4040 (development)}
{timestamp: 2018-11-27T10:46:03.594Z, level: info, message: server started on port 4040 (development)}
{timestamp: 2018-11-27T10:46:30.110Z, level: info, message: server started on port 4040 (development)}
{timestamp: 2018-11-27T10:46:33.839Z, level: info, message: server started on port 4040 (development)}
{timestamp: 2018-11-27T10:46:44.219Z, level: info, message: server started on port 4040 (development)}
{timestamp: 2018-11-27T10:48:23.748Z, level: info, message: server started on port 4040 (development)}
{timestamp: 2018-11-27T10:48:44.334Z, level: info, message: server started on port 4040 (development)}
{timestamp: 2018-11-27T10:48:55.279Z, level: info, message: server started on port 4040 (development)}
{timestamp: 2018-11-27T10:49:06.208Z, level: info, message: server started on port 4040 (development)}
{timestamp: 2018-11-27T10:49:12.469Z, level: info, message: server started on port 4040 (development)}
{timestamp: 2018-11-27T10:49:33.181Z, level: info, message: server started on port 4040 (development)}
{timestamp: 2018-11-27T10:49:39.109Z, level: info, message: server started on port 4040 (development)}
{timestamp: 2018-11-27T10:49:50.925Z, level: info, message: server started on port 4040 (development)}
{timestamp: 2018-11-27T10:51:48.392Z, level: info, message: server started on port 4040 (development)}
{timestamp: 2018-11-27T10:59:47.087Z, level: info, message: server started on port 4040 (development)}
{timestamp: 2018-11-27T11:01:58.959Z, level: info, message: server started on port 4040 (development)}
{timestamp: 2018-11-27T11:03:08.375Z, level: info, message: server started on port 4040 (development)}
{timestamp: 2018-11-27T11:03:56.443Z, level: info, message: server started on port 4040 (development)}
{timestamp: 2018-11-27T11:16:30.735Z, level: info, message: server started on port 4040 (development)}
{timestamp: 2018-11-27T11:17:34.393Z, level: info, message: server started on port 4040 (development)}
{timestamp: 2018-11-27T11:17:57.978Z, level: info, message: server started on port 4040 (development)}
{timestamp: 2018-11-27T11:18:34.586Z, level: info, message: server started on port 4040 (development)}
{timestamp: 2018-11-27T11:19:19.455Z, level: info, message: server started on port 4040 (development)}
{timestamp: 2018-11-27T11:20:13.764Z, level: info, message: server started on port 4040 (development)}
{timestamp: 2018-11-27T11:20:53.387Z, level: info, message: server started on port 4040 (development)}
{timestamp: 2018-11-27T11:21:30.438Z, level: info, message: server started on port 4040 (development)}
{timestamp: 2018-11-27T11:22:40.123Z, level: info, message: server started on port 4040 (development)}
{timestamp: 2018-11-27T11:22:42.703Z, level: info, message: server started on port 4040 (development)}
{timestamp: 2018-11-27T11:23:37.416Z, level: info, message: server started on port 4040 (development)}
{timestamp: 2018-11-27T11:23:40.538Z, level: info, message: server started on port 4040 (development)}
{timestamp: 2018-11-27T11:24:03.961Z, level: info, message: server started on port 4040 (development)}
{timestamp: 2018-11-27T11:27:07.761Z, level: info, message: server started on port 4040 (development)}
{timestamp: 2018-11-27T11:27:26.222Z, level: info, message: server started on port 4040 (development)}
{timestamp: 2018-11-27T11:30:43.871Z, level: info, message: server started on port 4040 (development)}
{timestamp: 2018-11-27T11:32:20.878Z, level: info, message: server started on port 4040 (development)}
{timestamp: 2018-11-27T11:33:04.361Z, level: info, message: server started on port 4040 (development)}
{timestamp: 2018-11-27T11:33:08.387Z, level: info, message: server started on port 4040 (development)}
{timestamp: 2018-11-27T11:33:52.081Z, level: info, message: server started on port 4040 (development)}
{timestamp: 2018-11-27T11:34:09.653Z, level: info, message: server started on port 4040 (development)}
{timestamp: 2018-11-27T11:35:13.819Z, level: info, message: server started on port 4040 (development)}
{timestamp: 2018-11-27T11:36:26.738Z, level: info, message: server started on port 4040 (development)}
{timestamp: 2018-11-27T11:44:01.601Z, level: info, message: server started on port 4040 (development)}
{timestamp: 2018-11-27T11:46:51.702Z, level: info, message: server started on port 4040 (development)}
{timestamp: 2018-11-27T12:16:09.019Z, level: info, message: server started on port 4040 (development)}
{timestamp: 2018-11-27T12:16:13.490Z, level: info, message: server started on port 4040 (development)}
{timestamp: 2018-11-27T12:16:15.722Z, level: info, message: server started on port 4040 (development)}
{timestamp: 2018-11-27T12:16:36.727Z, level: info, message: server started on port 4040 (development)}
{timestamp: 2018-11-27T12:16:57.109Z, level: info, message: server started on port 4040 (development)}
{timestamp: 2018-11-27T12:17:24.106Z, level: info, message: server started on port 4040 (development)}
{timestamp: 2018-11-27T12:17:30.752Z, level: info, message: server started on port 4040 (development)}
{timestamp: 2018-11-27T12:29:58.846Z, level: info, message: server started on port 4040 (development)}
{timestamp: 2018-11-27T12:34:24.692Z, level: info, message: server started on port 4040 (development)}
{timestamp: 2018-11-27T12:38:20.260Z, level: info, message: server started on port 4040 (development)}
{timestamp: 2018-11-27T14:03:33.439Z, level: info, message: server started on port 4040 (development)}
{timestamp: 2018-11-27T14:04:17.806Z, level: info, message: server started on port 4040 (development)}
{timestamp: 2018-11-27T14:04:24.767Z, level: error, message: API not found}
{timestamp: 2018-11-27T14:06:14.675Z, level: error, message: API not found}
{timestamp: 2018-11-27T14:08:05.445Z, level: info, message: server started on port 4040 (development)}
{timestamp: 2018-11-27T14:08:23.223Z, level: error, message: API not found}
{timestamp: 2018-11-27T14:11:01.705Z, level: info, message: server started on port 4040 (development)}
{timestamp: 2018-11-27T14:11:08.201Z, level: error, message: API not found}
{timestamp: 2018-11-28T05:27:36.765Z, level: info, message: server started on port 4040 (development)}
{timestamp: 2018-11-28T05:28:15.759Z, level: error, message: API not found}
{timestamp: 2018-11-28T05:28:39.287Z, level: error, message: API not found}
{timestamp: 2018-11-28T05:39:00.188Z, level: info, message: server started on port 4040 (development)}
{timestamp: 2018-11-28T05:39:07.253Z, level: error, message: API not found}
{timestamp: 2018-11-28T05:39:13.444Z, level: error, message: API not found}
{timestamp: 2018-11-28T05:39:14.770Z, level: error, message: API not found}
{timestamp: 2018-11-28T05:40:22.380Z, level: info, message: server started on port 4040 (development)}
{timestamp: 2018-11-28T05:40:27.358Z, level: error, message: API not found}
{timestamp: 2018-11-28T05:41:29.275Z, level: error, message: _model2.default.findOne is not a function}
{timestamp: 2018-11-28T05:44:36.263Z, level: info, message: server started on port 4040 (development)}
{timestamp: 2018-11-28T05:44:38.285Z, level: error, message: _model2.default.find is not a function}
{timestamp: 2018-11-28T05:53:33.819Z, level: info, message: server started on port 4040 (development)}
{timestamp: 2018-11-28T05:53:34.748Z, level: error, message: query is not defined}
{timestamp: 2018-11-28T05:56:07.746Z, level: info, message: server started on port 4040 (development)}
{timestamp: 2018-11-28T05:56:10.992Z, level: error, message: Cannot read property 'limit' of undefined}
{timestamp: 2018-11-28T05:56:30.843Z, level: error, message: Cannot read property 'limit' of undefined}
{timestamp: 2018-11-28T06:00:48.879Z, level: info, message: server started on port 4040 (development)}
{timestamp: 2018-11-28T06:00:49.832Z, level: error, message: Cannot read property 'limit' of undefined}
{timestamp: 2018-11-28T06:05:04.576Z, level: info, message: server started on port 4040 (development)}
{timestamp: 2018-11-28T06:05:07.427Z, level: error, message: _model2.default.find is not a function}
{timestamp: 2018-11-28T06:07:02.295Z, level: info, message: server started on port 4040 (development)}
{timestamp: 2018-11-28T06:08:32.224Z, level: info, message: server started on port 4040 (development)}
{timestamp: 2018-11-28T06:08:33.896Z, level: error, message: Cannot read property 'limit' of undefined}
{timestamp: 2018-11-28T06:09:35.751Z, level: info, message: server started on port 4040 (development)}
{timestamp: 2018-11-28T06:09:38.466Z, level: error, message: Cannot read property 'limit' of undefined}
{timestamp: 2018-11-28T06:10:52.648Z, level: info, message: server started on port 4040 (development)}
{timestamp: 2018-11-28T06:11:36.635Z, level: info, message: server started on port 4040 (development)}
{timestamp: 2018-11-28T06:11:40.281Z, level: error, message: Cannot read property 'limit' of undefined}
{timestamp: 2018-11-28T06:12:40.921Z, level: info, message: server started on port 4040 (development)}
{timestamp: 2018-11-28T06:12:48.517Z, level: error, message: Cannot read property 'limit' of undefined}
{timestamp: 2018-11-28T06:13:26.589Z, level: info, message: server started on port 4040 (development)}
{timestamp: 2018-11-28T06:13:29.880Z, level: error, message: Cannot read property 'limit' of undefined}
{timestamp: 2018-11-28T06:14:01.811Z, level: info, message: server started on port 4040 (development)}
{timestamp: 2018-11-28T06:14:13.373Z, level: error, message: Cannot read property 'limit' of undefined}
{timestamp: 2018-11-28T06:14:30.288Z, level: info, message: server started on port 4040 (development)}
{timestamp: 2018-11-28T06:14:35.260Z, level: error, message: Cannot read property 'limit' of undefined}
{timestamp: 2018-11-28T06:15:04.040Z, level: info, message: server started on port 4040 (development)}
{timestamp: 2018-11-28T06:15:48.915Z, level: info, message: server started on port 4040 (development)}
{timestamp: 2018-11-28T06:15:54.590Z, level: error, message: Cannot read property 'limit' of undefined}
{timestamp: 2018-11-28T06:19:23.164Z, level: info, message: server started on port 4040 (development)}
{timestamp: 2018-11-28T06:19:27.729Z, level: error, message: Cannot read property 'limit' of undefined}
{timestamp: 2018-11-28T06:20:09.951Z, level: info, message: server started on port 4040 (development)}
{timestamp: 2018-11-28T06:20:14.766Z, level: error, message: Cannot read property 'limit' of undefined}
{timestamp: 2018-11-28T06:22:34.651Z, level: info, message: server started on port 4040 (development)}
{timestamp: 2018-11-28T06:22:39.568Z, level: error, message: Cannot read property 'limit' of undefined}
{timestamp: 2018-11-28T06:23:02.629Z, level: info, message: server started on port 4040 (development)}
{timestamp: 2018-11-28T06:23:06.345Z, level: error, message: Cannot read property 'limit' of undefined}
{timestamp: 2018-11-28T06:24:14.597Z, level: info, message: server started on port 4040 (development)}
{timestamp: 2018-11-28T06:24:18.562Z, level: info, message: server started on port 4040 (development)}
{timestamp: 2018-11-28T06:24:19.779Z, level: error, message: Cannot read property 'limit' of undefined}
{timestamp: 2018-11-28T06:24:52.594Z, level: info, message: server started on port 4040 (development)}
{timestamp: 2018-11-28T06:24:56.878Z, level: info, message: server started on port 4040 (development)}
{timestamp: 2018-11-28T06:25:10.635Z, level: info, message: server started on port 4040 (development)}
{timestamp: 2018-11-28T06:25:13.958Z, level: error, message: Cannot read property 'limit' of undefined}
{timestamp: 2018-11-28T06:32:17.333Z, level: info, message: server started on port 4040 (development)}
{timestamp: 2018-11-28T06:32:24.573Z, level: error, message: Cannot read property 'limit' of undefined}
{timestamp: 2018-11-28T06:34:42.633Z, level: info, message: server started on port 4040 (development)}
{timestamp: 2018-11-28T06:34:46.182Z, level: error, message: Cannot read property 'limit' of undefined}
{timestamp: 2018-11-28T06:39:28.738Z, level: info, message: server started on port 4040 (development)}
{timestamp: 2018-11-28T06:39:36.511Z, level: error, message: Cannot read property 'limit' of undefined}
{timestamp: 2018-11-28T06:40:19.057Z, level: info, message: server started on port 4040 (development)}
{timestamp: 2018-11-28T06:40:20.058Z, level: error, message: Cannot read property 'limit' of undefined}
{timestamp: 2018-11-28T06:40:48.639Z, level: info, message: server started on port 4040 (development)}
{timestamp: 2018-11-28T06:40:50.961Z, level: error, message: Cannot read property 'limit' of undefined}
{timestamp: 2018-11-28T06:43:26.760Z, level: info, message: server started on port 4040 (development)}
{timestamp: 2018-11-28T06:43:30.531Z, level: error, message: Cannot read property 'userName' of undefined}
{timestamp: 2018-11-28T06:57:55.867Z, level: info, message: server started on port 4040 (development)}
{timestamp: 2018-11-28T06:58:01.445Z, level: info, message: server started on port 4040 (development)}
{timestamp: 2018-11-28T06:58:07.407Z, level: info, message: server started on port 4040 (development)}
{timestamp: 2018-11-28T06:58:22.139Z, level: info, message: server started on port 4040 (development)}
{timestamp: 2018-11-28T06:58:34.075Z, level: info, message: server started on port 4040 (development)}
{timestamp: 2018-11-28T06:58:38.854Z, level: error, message: Cannot read property 'limit' of undefined}
{timestamp: 2018-11-28T07:02:13.030Z, level: info, message: server started on port 4040 (development)}
{timestamp: 2018-11-28T07:07:21.533Z, level: info, message: server started on port 4040 (development)}
{timestamp: 2018-11-28T07:07:52.956Z, level: info, message: server started on port 4040 (development)}
{timestamp: 2018-11-28T07:07:55.023Z, level: error, message: Model.findOne is not a function}
{timestamp: 2018-11-28T07:10:04.308Z, level: info, message: server started on port 4040 (development)}
{timestamp: 2018-11-28T07:10:07.488Z, level: error, message: API not found}
{timestamp: 2018-11-28T07:10:28.990Z, level: error, message: Model.findOne is not a function}
{timestamp: 2018-11-28T07:12:50.405Z, level: info, message: server started on port 4040 (development)}
{timestamp: 2018-11-28T07:12:55.877Z, level: info, message: server started on port 4040 (development)}
{timestamp: 2018-11-28T07:12:59.425Z, level: error, message: Model.findOne is not a function}
{timestamp: 2018-11-28T07:13:58.618Z, level: info, message: server started on port 4040 (development)}
{timestamp: 2018-11-28T07:14:01.891Z, level: error, message: Model.findOne is not a function}
{timestamp: 2018-11-28T07:15:20.911Z, level: info, message: server started on port 4040 (development)}
{timestamp: 2018-11-28T07:15:26.455Z, level: error, message: Model.findOne is not a function}
{timestamp: 2018-11-28T07:36:03.340Z, level: info, message: server started on port 4040 (development)}
{timestamp: 2018-11-28T07:39:59.097Z, level: info, message: server started on port 4040 (development)}
{timestamp: 2018-11-28T07:40:09.458Z, level: info, message: server started on port 4040 (development)}
{timestamp: 2018-11-28T07:40:27.139Z, level: info, message: server started on port 4040 (development)}
{timestamp: 2018-11-28T08:33:43.210Z, level: info, message: server started on port 4040 (development)}
{timestamp: 2018-11-28T08:35:14.047Z, level: info, message: server started on port 4040 (development)}
{timestamp: 2018-11-28T09:06:57.071Z, level: info, message: server started on port 4040 (development)}
{timestamp: 2018-11-28T09:18:04.434Z, level: info, message: server started on port 4040 (development)}
{timestamp: 2018-11-28T09:31:50.142Z, level: info, message: server started on port 4040 (development)}
{timestamp: 2018-11-28T09:48:40.131Z, level: info, message: server started on port 4040 (development)}
{timestamp: 2018-11-28T09:49:24.037Z, level: info, message: server started on port 4040 (development)}
{timestamp: 2018-11-28T09:50:27.977Z, level: info, message: server started on port 4040 (development)}
{timestamp: 2018-11-28T09:52:03.441Z, level: info, message: server started on port 4040 (development)}
{timestamp: 2018-11-28T10:01:59.872Z, level: info, message: server started on port 4040 (development)}
{timestamp: 2018-11-28T10:02:12.091Z, level: error, message: _jsconfig2.default.findOne is not a function}
{timestamp: 2018-11-28T10:03:26.671Z, level: info, message: server started on port 4040 (development)}
{timestamp: 2018-11-28T10:03:31.839Z, level: error, message: Cannot read property 'findOne' of undefined}
{timestamp: 2018-11-28T10:08:32.654Z, level: info, message: server started on port 4040 (development)}
{timestamp: 2018-11-28T10:09:04.399Z, level: error, message: Cannot read property 'findOne' of undefined}
{timestamp: 2018-11-28T10:10:54.430Z, level: info, message: server started on port 4040 (development)}
{timestamp: 2018-11-28T10:10:59.464Z, level: error, message: Cannot read property 'findOne' of undefined}
{timestamp: 2018-11-28T10:13:37.153Z, level: info, message: server started on port 4040 (development)}
{timestamp: 2018-11-28T10:13:42.435Z, level: error, message: Cannot read property 'User' of undefined}
{timestamp: 2018-11-28T10:14:06.669Z, level: info, message: server started on port 4040 (development)}
{timestamp: 2018-11-28T10:14:11.243Z, level: error, message: Cannot read property 'findOne' of undefined}
{timestamp: 2018-11-28T10:14:59.906Z, level: info, message: server started on port 4040 (development)}
{timestamp: 2018-11-28T10:15:30.816Z, level: error, message: Invalid value { userName: 'faishal' }}
{timestamp: 2018-11-28T10:18:54.432Z, level: info, message: server started on port 4040 (development)}
{timestamp: 2018-11-28T10:18:59.402Z, level: error, message: Invalid value { userName: 'faishal' }}
{timestamp: 2018-11-28T10:20:12.491Z, level: info, message: server started on port 4040 (development)}
{timestamp: 2018-11-28T10:20:16.316Z, level: error, message: Invalid value { userName: 'faishal' }}
{timestamp: 2018-11-28T10:25:16.953Z, level: info, message: server started on port 4040 (development)}
{timestamp: 2018-11-28T10:28:33.308Z, level: info, message: server started on port 4040 (development)}
{timestamp: 2018-11-28T10:32:56.822Z, level: info, message: server started on port 4040 (development)}
{timestamp: 2018-11-28T10:33:57.765Z, level: info, message: server started on port 4040 (development)}
{timestamp: 2018-11-28T10:34:08.719Z, level: info, message: server started on port 4040 (development)}
{timestamp: 2018-11-28T10:34:58.474Z, level: info, message: server started on port 4040 (development)}
{timestamp: 2018-11-28T10:36:11.375Z, level: info, message: server started on port 4040 (development)}
{timestamp: 2018-11-28T10:36:48.621Z, level: info, message: server started on port 4040 (development)}
{timestamp: 2018-11-28T10:37:27.425Z, level: info, message: server started on port 4040 (development)}
{timestamp: 2018-11-28T10:37:37.697Z, level: info, message: server started on port 4040 (development)}
{timestamp: 2018-11-28T10:37:41.091Z, level: error, message: Cannot read property 'dataValues' of undefined}
{timestamp: 2018-11-28T10:39:29.831Z, level: info, message: server started on port 4040 (development)}
{timestamp: 2018-11-28T10:39:34.309Z, level: error, message: Cannot read property 'dataValues' of undefined}
{timestamp: 2018-11-28T10:40:29.244Z, level: info, message: server started on port 4040 (development)}
{timestamp: 2018-11-28T10:40:35.071Z, level: error, message: Cannot read property 'dataValues' of undefined}
{timestamp: 2018-11-28T10:41:09.271Z, level: info, message: server started on port 4040 (development)}
{timestamp: 2018-11-28T10:41:10.147Z, level: error, message: Cannot read property 'dataValues' of undefined}
{timestamp: 2018-11-28T10:41:10.964Z, level: error, message: Cannot read property 'dataValues' of undefined}
{timestamp: 2018-11-28T10:41:45.890Z, level: info, message: server started on port 4040 (development)}
{timestamp: 2018-11-28T10:41:46.375Z, level: error, message: Cannot read property 'dataValues' of undefined}
{timestamp: 2018-11-28T10:47:14.569Z, level: info, message: server started on port 4040 (development)}
{timestamp: 2018-11-28T10:49:00.148Z, level: info, message: server started on port 4040 (development)}
{timestamp: 2018-11-28T10:50:07.738Z, level: info, message: server started on port 4040 (development)}
{timestamp: 2018-11-28T10:50:48.905Z, level: info, message: server started on port 4040 (development)}
{timestamp: 2018-11-28T10:51:30.979Z, level: error, message: "expiresInMinutes" is not allowed in "options"}
{timestamp: 2018-11-28T10:53:43.817Z, level: info, message: server started on port 4040 (development)}
{timestamp: 2018-11-28T10:56:21.474Z, level: info, message: server started on port 4040 (development)}
{timestamp: 2018-11-28T10:56:31.816Z, level: error, message: secret must be a string or buffer}
{timestamp: 2018-11-28T10:57:59.407Z, level: info, message: server started on port 4040 (development)}
{timestamp: 2018-11-28T10:58:23.480Z, level: info, message: server started on port 4040 (development)}
{timestamp: 2018-11-28T10:58:26.614Z, level: error, message: invalid expiresIn option for number payload}
{timestamp: 2018-11-28T10:58:51.893Z, level: info, message: server started on port 4040 (development)}
{timestamp: 2018-11-28T10:59:11.009Z, level: info, message: server started on port 4040 (development)}
{timestamp: 2018-11-28T10:59:19.409Z, level: error, message: invalid expiresIn option for string payload}
{timestamp: 2018-11-28T11:00:23.638Z, level: info, message: server started on port 4040 (development)}
{timestamp: 2018-11-28T11:00:27.496Z, level: info, message: server started on port 4040 (development)}
{timestamp: 2018-11-28T11:00:33.707Z, level: info, message: server started on port 4040 (development)}
{timestamp: 2018-11-28T11:04:27.900Z, level: info, message: server started on port 4040 (development)}
{timestamp: 2018-11-28T11:21:38.395Z, level: info, message: server started on port 4040 (development)}
{timestamp: 2018-11-28T11:23:31.939Z, level: info, message: server started on port 4040 (development)}
{timestamp: 2018-11-28T11:24:55.743Z, level: info, message: server started on port 4040 (development)}
{timestamp: 2018-11-28T11:26:07.341Z, level: info, message: server started on port 4040 (development)}
{timestamp: 2018-11-28T12:49:00.089Z, level: info, message: server started on port 4040 (development)}
{timestamp: 2018-11-28T13:13:51.831Z, level: info, message: server started on port 4040 (development)}
{timestamp: 2018-11-28T13:15:43.996Z, level: info, message: server started on port 4040 (development)}
